2024-07-11 22:49:12 [scrapy] DEBUG: Crawled (200) <GET https://www.topcv.vn/robots.txt> (referer: None)
2024-07-11 22:49:16 [scrapy] DEBUG: Crawled (200) <GET https://www.topcv.vn/viec-lam-it?sort=&skill_id=&skill_id_other=&keyword=&company_field=1&position=&salary=> (referer: None)
2024-07-11 22:49:22 [scrapy] DEBUG: Crawled (200) <GET https://www.topcv.vn/viec-lam/dynamics-365-developer/1349711.html?ta_source=ITJobs_LinkDetail> (referer: https://www.topcv.vn/viec-lam-it?sort=&skill_id=&skill_id_other=&keyword=&company_field=1&position=&salary=)
2024-07-11 22:49:22 [scrapy] DEBUG: Scraped from <200 https://www.topcv.vn/viec-lam/dynamics-365-developer/1349711.html?ta_source=ITJobs_LinkDetail>
{'benefits': '',
 'company': 'Tek Experts Vietnam',
 'deadline': '',
 'description': 'Tek Experts PSV là công ty trực thuộc tập đoàn đa quốc gia '
                'YNV, hoạt động trong lĩnh vực cung cấp dịch vụ và giải pháp '
                'công nghệ cho các đối tác toàn cầu. Sau nhiều năm hình thành '
                'và phát triển, Tek Experts PSV tự hào cam kết mang đến một '
                'môi trường làm việc quốc tế chuyên nghiệp với đầy đủ trang '
                'thiết bị hiện đại, nơi mọi màu sắc cá nhân được tôn trọng và '
                'tất cả thành viên đều có cơ hội tự do tỏa sáng.\n'
                'Tek Experts PSV đang tìm kiếm ứng viên tiềm năng cho vị trí '
                'Dynamics 365 Developer với nội dung công việc như sau:',
 'experience': '3 năm',
 'how_to_apply': 'Ứng tuyển',
 'link': 'https://www.topcv.vn/viec-lam/dynamics-365-developer/1349711.html?ta_source=ITJobs_LinkDetail',
 'location': 'Hà Nội',
 'requirements': '',
 'salary': 'Thoả thuận',
 'title': 'Dynamics 365 Developer'}
2024-07-11 22:49:28 [scrapy] DEBUG: Crawled (200) <GET https://www.topcv.vn/viec-lam/technical-support-engineer-attractive-salary/1387002.html?ta_source=ITJobs_LinkDetail> (referer: https://www.topcv.vn/viec-lam-it?sort=&skill_id=&skill_id_other=&keyword=&company_field=1&position=&salary=)
2024-07-11 22:49:28 [scrapy] DEBUG: Scraped from <200 https://www.topcv.vn/viec-lam/technical-support-engineer-attractive-salary/1387002.html?ta_source=ITJobs_LinkDetail>
{'benefits': '1. Lương, thưởng, bảo hiểm:\n'
             '\n'
             '- Được nhận 100% lương trong thời gian On Job Training\n'
             '\n'
             '- Được đóng bảo hiểm trên 100% lương\n'
             '\n'
             '- Được nhận Performance bonus/KPI bonus hàng quý và cuối năm\n'
             '\n'
             '- Bảo hiểm sức khỏe PTI (hiện tại điều trị ngoại trú lên tới 15 '
             'triệu/năm, nội trú lên tới 100 triệu/năm)\n'
             '\n'
             '- Được khám sức khỏe 1 năm/lần tại các bệnh viện lớn\n'
             '\n'
             '2. Internal activities:\n'
             '\n'
             '- Được tham gia nhiều hoạt động nội bộ thú vị: Ngày hội Book '
             'Exchange, Tek Experts Family Day, Tek Expert Summer Trip, Giải '
             'bóng đá Tek League, Tek Experts Table Tennis Tournament, Year '
             'End party,...\n'
             '\n'
             '3. Working environment:\n'
             '\n'
             '- Làm việc 100% với khách hàng nước ngoài, giao tiếp hoàn toàn '
             'bằng tiếng Anh\n'
             '\n'
             '- Đồng nghiệp trẻ trung từ nhiều quốc gia khác nhau, trải nghiệm '
             'môi trường đa văn hóa đúng nghĩa\n'
             '\n'
             '- Văn phòng tọa lạc tại Lotte Center Hanoi với khu 360-panorama '
             'city view, pantry Sky Garden cùng với thiết bị làm việc tối tân '
             'với 2 màn hình máy tính',
 'company': 'Tek Experts Vietnam',
 'deadline': '',
 'description': '',
 'experience': 'Dưới 1 năm',
 'how_to_apply': 'Ứng tuyển',
 'link': 'https://www.topcv.vn/viec-lam/technical-support-engineer-attractive-salary/1387002.html?ta_source=ITJobs_LinkDetail',
 'location': 'Hà Nội',
 'requirements': '',
 'salary': 'Thoả thuận',
 'title': 'Technical Support Engineer (Attractive Salary)'}
2024-07-11 22:49:33 [scrapy] DEBUG: Crawled (200) <GET https://www.topcv.vn/viec-lam/lap-trinh-vien-java-springboot-thu-nhap-upto-40-trieu-thang-tu-3-nam-kinh-nghiem/1398031.html?ta_source=ITJobs_LinkDetail> (referer: https://www.topcv.vn/viec-lam-it?sort=&skill_id=&skill_id_other=&keyword=&company_field=1&position=&salary=)
2024-07-11 22:49:33 [scrapy] DEBUG: Scraped from <200 https://www.topcv.vn/viec-lam/lap-trinh-vien-java-springboot-thu-nhap-upto-40-trieu-thang-tu-3-nam-kinh-nghiem/1398031.html?ta_source=ITJobs_LinkDetail>
{'benefits': '',
 'company': 'Công ty cổ phần Công nghệ thông tin Phú Minh',
 'deadline': '',
 'description': '',
 'experience': '3 năm',
 'how_to_apply': 'Ứng tuyển',
 'link': 'https://www.topcv.vn/viec-lam/lap-trinh-vien-java-springboot-thu-nhap-upto-40-trieu-thang-tu-3-nam-kinh-nghiem/1398031.html?ta_source=ITJobs_LinkDetail',
 'location': 'Hà Nội',
 'requirements': '',
 'salary': '25 - 40 triệu',
 'title': 'Lập Trình Viên Java (Springboot) - Thu Nhập Upto 40 Triệu/Tháng - '
          'Từ 3 Năm Kinh Nghiệm'}
2024-07-11 22:49:37 [scrapy] DEBUG: Crawled (200) <GET https://www.topcv.vn/viec-lam/business-analyst-ba-phan-tich-nghiep-vu/1399001.html?ta_source=ITJobs_LinkDetail> (referer: https://www.topcv.vn/viec-lam-it?sort=&skill_id=&skill_id_other=&keyword=&company_field=1&position=&salary=)
2024-07-11 22:49:37 [scrapy] DEBUG: Scraped from <200 https://www.topcv.vn/viec-lam/business-analyst-ba-phan-tich-nghiep-vu/1399001.html?ta_source=ITJobs_LinkDetail>
{'benefits': '- Thu nhập hấp dẫn tùy theo năng lực của từng cá nhân ( trong '
             'khoảng 10-20 triệu)\n'
             '- Thưởng tháng 13, thưởng theo hiệu quả dự án, Lễ, Tết,...\n'
             '\n'
             '- Cung cấp đầy đủ trang thiết bị khi làm việc- Môi trường làm '
             'việc trẻ trung, năng động\n'
             '- Tham dự các dự án lớn, ứng dụng các công nghệ hàng đầu\n'
             '\n'
             '- Lộ trình thăng tiến và phát triển sự nghiệp\n'
             '\n'
             '- Chế độ nghỉ mát, đóng BHXH theo quy định của Luật lao động.',
 'company': 'CÔNG TY CỔ PHẦN CÔNG NGHỆ SOPEN VIỆT NAM',
 'deadline': '',
 'description': '- Thiết kế các giải pháp kỹ thuật hiệu quả và phân tích các '
                'thông số kỹ thuật của hệ thống để đáp ứng các yêu cầu nghiệp '
                'vụ.\n'
                '\n'
                '- Chủ động giao tiếp và cộng tác với khách hàng bên ngoài và '
                'bên trong để phân tích nhu cầu thông tin và các yêu cầu chức '
                'năng.\n'
                '\n'
                '- Phối hợp với tất cả các bên liên quan để thực hiện phân '
                'tích, nghiên cứu và đưa ra các giải pháp hiệu quả.\n'
                '\n'
                '- Đảm bảo tài liệu rõ ràng và chính xác bao gồm doanh nghiệp '
                'và khách hàng yêu cầu, thông số kỹ thuật và báo cáo.\n'
                '\n'
                '- Hỗ trợ về Kiểm tra sự chấp nhận của người dùng chứng minh '
                'rằng các mong muốn của khách hàng đã được đáp ứng.\n'
                '\n'
                '- Xác định mục tiêu hoạt động bằng cách nghiên cứu các chức '
                'năng nghiệp vụ; thu thập thông tin; đánh giá các yêu cầu và '
                'định dạng đầu ra.\n'
                '\n'
                '- Cung cấp tài liệu tham khảo cho người dùng bằng cách viết '
                'và duy trì tài liệu người dùng; tài liệu hướng dẫn; đào tạo '
                'người dùng.\n'
                '\n'
                '- Hỗ trợ đưa các đề xuất mới cho khách hàng, giúp phân tích '
                'yêu cầu, phân tích nhiệm vụ và quy trình làm việc, định nghĩa '
                'quy trình nghiệp vụ, trường hợp sử dụng, kịch bản, thiết kế '
                'màn hình và giao diện, v.v.\n'
                '\n'
                '- Lập kế hoạch cho giai đoạn yêu cầu khi bắt đầu dự án.\n'
                '\n'
                '- Phân công nhiệm vụ và quản lý các nhóm để đảm bảo rằng dự '
                'án chạy trơn tru\n'
                '\n'
                '- Phân tích luồng nghiệp vụ và yêu cầu của người dùng.\n'
                '\n'
                '- Ghi chép chi tiết các yêu cầu nghiệp vụ của khách hàng.\n'
                '\n'
                '- Tham gia đánh giá đồng nghiệp và kiểm tra các tài liệu yêu '
                'cầu',
 'experience': '1 năm',
 'how_to_apply': 'Ứng tuyển',
 'link': 'https://www.topcv.vn/viec-lam/business-analyst-ba-phan-tich-nghiep-vu/1399001.html?ta_source=ITJobs_LinkDetail',
 'location': 'Hà Nội',
 'requirements': '',
 'salary': '10 - 20 triệu',
 'title': 'Business Analyst ( BA ) - Phân Tích Nghiệp Vụ'}
2024-07-11 22:49:42 [scrapy] DEBUG: Crawled (200) <GET https://www.topcv.vn/viec-lam/crm-tech-support-engineer-attractive-salary/1387005.html?ta_source=ITJobs_LinkDetail> (referer: https://www.topcv.vn/viec-lam-it?sort=&skill_id=&skill_id_other=&keyword=&company_field=1&position=&salary=)
2024-07-11 22:49:43 [scrapy] DEBUG: Scraped from <200 https://www.topcv.vn/viec-lam/crm-tech-support-engineer-attractive-salary/1387005.html?ta_source=ITJobs_LinkDetail>
{'benefits': '1. Lương, thưởng, bảo hiểm:\n'
             '\n'
             '- Được nhận 100% lương trong thời gian On Job Training\n'
             '\n'
             '- Được đóng bảo hiểm trên 100% lương\n'
             '\n'
             '- Được nhận Performance bonus/KPI bonus hàng quý và cuối năm\n'
             '\n'
             '- Bảo hiểm sức khỏe PTI (hiện tại điều trị ngoại trú lên tới 15 '
             'triệu/năm, nội trú lên tới 100 triệu/năm)\n'
             '\n'
             '- Được khám sức khỏe 1 năm/lần tại các bệnh viện lớn\n'
             '\n'
             '2. Internal activities:\n'
             '\n'
             '- Được tham gia nhiều hoạt động nội bộ thú vị: Ngày hội Book '
             'Exchange, Tek Experts Family Day, Tek Expert Summer Trip, Giải '
             'bóng đá Tek League, Tek Experts Table Tennis Tournament, Year '
             'End party,...\n'
             '\n'
             '3. Working environment:\n'
             '\n'
             '- Làm việc 100% với khách hàng nước ngoài, giao tiếp hoàn toàn '
             'bằng tiếng Anh\n'
             '\n'
             '- Đồng nghiệp trẻ trung từ nhiều quốc gia khác nhau, trải nghiệm '
             'môi trường đa văn hóa đúng nghĩa\n'
             '\n'
             '- Văn phòng tọa lạc tại Lotte Center Hanoi với khu 360-panorama '
             'city view, pantry Sky Garden cùng với thiết bị làm việc tối tân '
             'với 2 màn hình máy tính',
 'company': 'Tek Experts Vietnam',
 'deadline': '',
 'description': 'Là đối tác chính thức của Microsoft tại Việt Nam, Tek Experts '
                'đang tìm kiếm Technical Support Engineer - Kỹ sư Hỗ trợ Phần '
                'mềm cho các sản phẩm Microsoft Dynamics CRM.\n'
                '\n'
                'Tại vị trí này, bạn sẽ đóng vai trò:\n'
                '\n'
                '- Là đầu mối kỹ thuật chính, cung cấp các giải pháp hỗ trợ '
                'người dùng cuối, system admin, solution integrator của các '
                'khách hàng doanh nghiệp và đối tác nước ngoài\n'
                '\n'
                '- Khắc phục sự cố kỹ thuật liên quan tới các sản phẩm phần '
                'mềm của Microsoft Dynamics CRM (Customer Relationship '
                'Management)\n'
                '\n'
                '-Bạn sẽ có cơ hội phát triển trong một môi trường có nhịp độ '
                'công việc nhanh và đầy thách thức, nơi mọi người đều được '
                'trao quyền và cam kết mang lại trải nghiệm khách hàng tốt '
                'nhất.',
 'experience': 'Dưới 1 năm',
 'how_to_apply': 'Ứng tuyển',
 'link': 'https://www.topcv.vn/viec-lam/crm-tech-support-engineer-attractive-salary/1387005.html?ta_source=ITJobs_LinkDetail',
 'location': 'Hà Nội',
 'requirements': '',
 'salary': 'Thoả thuận',
 'title': 'CRM Tech Support Engineer - Attractive Salary'}
2024-07-11 22:49:48 [scrapy] DEBUG: Crawled (200) <GET https://www.topcv.vn/viec-lam/automation-tester/1349735.html?ta_source=ITJobs_LinkDetail> (referer: https://www.topcv.vn/viec-lam-it?sort=&skill_id=&skill_id_other=&keyword=&company_field=1&position=&salary=)
2024-07-11 22:49:48 [scrapy] DEBUG: Scraped from <200 https://www.topcv.vn/viec-lam/automation-tester/1349735.html?ta_source=ITJobs_LinkDetail>
{'benefits': '',
 'company': 'Tek Experts Vietnam',
 'deadline': '',
 'description': 'Tek Experts PSV là công ty trực thuộc tập đoàn đa quốc gia '
                'YNV, hoạt động trong lĩnh vực cung cấp dịch vụ và giải pháp '
                'công nghệ cho các đối tác toàn cầu. Sau nhiều năm hình thành '
                'và phát triển, Tek Experts PSV tự hào cam kết mang đến một '
                'môi trường làm việc quốc tế chuyên nghiệp với đầy đủ trang '
                'thiết bị hiện đại, nơi mọi màu sắc cá nhân được tôn trọng và '
                'tất cả thành viên đều có cơ hội tự do tỏa sáng.\n'
                'Tek Experts PSV đang tìm kiếm ứng viên tiềm năng cho vị trí '
                'Automation Tester với nội dung công việc như sau:',
 'experience': '2 năm',
 'how_to_apply': 'Ứng tuyển',
 'link': 'https://www.topcv.vn/viec-lam/automation-tester/1349735.html?ta_source=ITJobs_LinkDetail',
 'location': 'Hà Nội',
 'requirements': '',
 'salary': 'Thoả thuận',
 'title': 'Automation Tester'}
2024-07-11 22:49:53 [scrapy] DEBUG: Crawled (200) <GET https://www.topcv.vn/viec-lam/aws-solution-architect-devops-python/1387282.html?ta_source=ITJobs_LinkDetail> (referer: https://www.topcv.vn/viec-lam-it?sort=&skill_id=&skill_id_other=&keyword=&company_field=1&position=&salary=)
2024-07-11 22:49:53 [scrapy] DEBUG: Scraped from <200 https://www.topcv.vn/viec-lam/aws-solution-architect-devops-python/1387282.html?ta_source=ITJobs_LinkDetail>
{'benefits': '- 14 days-off per year and gradually increasing by seniority\n'
             '- Holidays and New Year holidays according to labor law\n'
             '- Health insurance, Social insurance\n'
             '- Bonus for excellent employees\n'
             '- Opportunities for professional growth and development\n'
             '- Be part of a creative and innovative work environment\n'
             '- Work in a dynamic, collaborative, transparent, '
             'non-hierarchical culture\n'
             '- Opportunity to work with the latest technology and tools.\n'
             "If you're a highly motivated and passionate AWS Solutions "
             'Architect who thrives in a collaborative environment and is '
             'eager to make a significant impact on the future of compliance '
             'management, we encourage you to apply!',
 'company': 'CÔNG TY TNHH PHẦN MỀM BIWOCO',
 'deadline': '',
 'description': "We're a cool team of techies who love to think outside the "
                "box and make awesome software. We're always looking for new "
                'ways to improve and innovate, staying ahead of the curve and '
                'setting new standards. We want to change the world with our '
                'amazing products.\n'
                "We're looking for talented folks who love a challenge and "
                "aren't afraid to share their ideas. We believe in giving our "
                "team the freedom to do their thing and be creative. We're all "
                'about empathy, understanding, and respect.\n'
                "We're a product team. We're serious about building software "
                "that makes a real difference in people's lives.\n"
                "If you're a visionary who wants to create groundbreaking "
                "software and join a team of passionate individuals, we'd love "
                "to hear from you. We're excited to welcome talented "
                'technologists who share our vision and are eager to build the '
                'future with us. \n'
                'We are collaborating with ASX-listed company in Australia, to '
                "revolutionize compliance management. We're building a "
                'cutting-edge platform that leverages real-time and predictive '
                'analytics to streamline compliance processes and reduce '
                "costs. As a Senior AWS Solutions Architect, you'll play a "
                'pivotal role in architecting, implementing, and maintaining '
                'the robust, scalable, and secure cloud infrastructure that '
                'powers this innovative product.',
 'experience': 'Trên 5 năm',
 'how_to_apply': 'Ứng tuyển',
 'link': 'https://www.topcv.vn/viec-lam/aws-solution-architect-devops-python/1387282.html?ta_source=ITJobs_LinkDetail',
 'location': 'Hà Nội & 3 nơi khác',
 'requirements': '',
 'salary': 'Tới 50 triệu',
 'title': 'AWS Solution Architect / Devops, Python'}
2024-07-11 22:49:56 [scrapy] DEBUG: Crawled (200) <GET https://www.topcv.vn/viec-lam/ios-developer-ha-noi-thu-nhap-upto-40tr-yeu-cau-3-nam-kinh-nghiem/1386116.html?ta_source=ITJobs_LinkDetail> (referer: https://www.topcv.vn/viec-lam-it?sort=&skill_id=&skill_id_other=&keyword=&company_field=1&position=&salary=)
2024-07-11 22:49:56 [scrapy] DEBUG: Scraped from <200 https://www.topcv.vn/viec-lam/ios-developer-ha-noi-thu-nhap-upto-40tr-yeu-cau-3-nam-kinh-nghiem/1386116.html?ta_source=ITJobs_LinkDetail>
{'benefits': '',
 'company': 'Công ty Cổ phần Tập đoàn Meey Land',
 'deadline': '',
 'description': '',
 'experience': '3 năm',
 'how_to_apply': 'Ứng tuyển',
 'link': 'https://www.topcv.vn/viec-lam/ios-developer-ha-noi-thu-nhap-upto-40tr-yeu-cau-3-nam-kinh-nghiem/1386116.html?ta_source=ITJobs_LinkDetail',
 'location': 'Hà Nội',
 'requirements': '',
 'salary': '20 - 40 triệu',
 'title': 'IOS Developer [Hà Nội] - Thu Nhập Upto 40Tr+++, Yêu Cầu 3 Năm Kinh '
          'Nghiệm'}
2024-07-11 22:50:00 [scrapy] DEBUG: Crawled (200) <GET https://www.topcv.vn/viec-lam/data-engineer/1225006.html?ta_source=ITJobs_LinkDetail> (referer: https://www.topcv.vn/viec-lam-it?sort=&skill_id=&skill_id_other=&keyword=&company_field=1&position=&salary=)
2024-07-11 22:50:00 [scrapy] DEBUG: Scraped from <200 https://www.topcv.vn/viec-lam/data-engineer/1225006.html?ta_source=ITJobs_LinkDetail>
{'benefits': '',
 'company': 'Tek Experts Vietnam',
 'deadline': '',
 'description': 'Tek Experts PSV đang tìm kiếm ứng viên tiềm năng cho vị trí '
                'Data Engineer (từ 2 năm kinh nghiệm trở lên) với nội dung '
                'công việc như sau:',
 'experience': '2 năm',
 'how_to_apply': 'Ứng tuyển',
 'link': 'https://www.topcv.vn/viec-lam/data-engineer/1225006.html?ta_source=ITJobs_LinkDetail',
 'location': 'Hà Nội',
 'requirements': '',
 'salary': 'Tới 40 triệu',
 'title': 'Data Engineer'}
2024-07-11 22:50:06 [scrapy] DEBUG: Crawled (200) <GET https://www.topcv.vn/viec-lam/chuyen-vien-quan-ly-chat-luong-thu-nhap-len-den-20-trieu-nghi-thu-7-chu-nhat/1386932.html?ta_source=ITJobs_LinkDetail> (referer: https://www.topcv.vn/viec-lam-it?sort=&skill_id=&skill_id_other=&keyword=&company_field=1&position=&salary=)
2024-07-11 22:50:06 [scrapy] DEBUG: Scraped from <200 https://www.topcv.vn/viec-lam/chuyen-vien-quan-ly-chat-luong-thu-nhap-len-den-20-trieu-nghi-thu-7-chu-nhat/1386932.html?ta_source=ITJobs_LinkDetail>
{'benefits': '- Môi trường làm việc tốt, năng động, chuyên nghiệp\n'
             '\n'
             '- Bình quân thu nhập lên đến 250 triệu/năm với nhiều chính sách '
             'đãi ngộ: hỗ trợ ăn trưa 1.000.000đ/tháng cùng các khoản thưởng '
             'lễ tết, các ngày kỷ niệm thành lập Tổng Công ty, Trung tâm,...\n'
             '\n'
             '- Tham gia các chương trình bảo hiểm sức khoẻ tại các Công ty '
             'Bảo hiểm lớn, có uy tín (Bảo Việt, PVI,...)\n'
             '\n'
             '- Thường xuyên tham dự các khoá đào tạo phong phú, đa dạng nhằm '
             'giúp CBCNV không ngừng phát triển bản thân, nâng cao kỹ năng '
             'cũng như chuyên môn nghiệp vụ.\n'
             '\n'
             '- Trải nghiệm các hoạt động văn hoá, thể thao, du xuân, nghỉ mát '
             'hè trong và ngoài nước,...',
 'company': 'Trung tâm Dịch vụ số MobiFone - Chi nhánh Tổng Công ty Viễn Thông '
            'Mobifone',
 'deadline': '',
 'description': '- Xây dựng bộ quy trình, hướng dẫn đảm bảo ATTT theo tiêu '
                'chuẩn ISO 27001:2013\n'
                '\n'
                '- Lập kế hoạch triển khai quy trình, hướng dẫn đảm bảo ATTT\n'
                '\n'
                '- Triển khai các kế hoạch đảm bảo ATTT\n'
                '\n'
                '- Định kỳ audit, báo cáo kết quả thực hiện các công việc liên '
                'quan tới ATTT\n'
                '\n'
                '- Tham gia phân tích, đánh giá, và xử lý sự cố ATTT\n'
                '\n'
                '- Đào tạo ATTT',
 'experience': '1 năm',
 'how_to_apply': 'Ứng tuyển',
 'link': 'https://www.topcv.vn/viec-lam/chuyen-vien-quan-ly-chat-luong-thu-nhap-len-den-20-trieu-nghi-thu-7-chu-nhat/1386932.html?ta_source=ITJobs_LinkDetail',
 'location': 'Hà Nội',
 'requirements': '- Tốt nghiệp cử nhân/kỹ sư chuyên ngành Công nghệ thông tin, '
                 'Toán tin, ATTT, An ninh mạng,... tại các trường Đại học công '
                 'lập/ngoài công lập trong nước hoặc các trường ĐH nước ngoài '
                 'có uy tín\n'
                 '\n'
                 '- Ưu tiên có chứng chỉ Toeic từ 500 trở lên hoặc tương '
                 'đương...\n'
                 '\n'
                 '- Có kiến thức tốt và kinh nghiệm tham gia triển khai và '
                 'đánh giá các tiêu chuẩn quốc tế như CMMI, ISO 9001...\n'
                 '\n'
                 '- Có hiểu biết chuyên sâu về các tiêu chuẩn ATTT như ISO '
                 '27001.\n'
                 '\n'
                 '- Có kinh nghiệm xây dựng và vận hành các quy trình theo '
                 'Agile-Scrum\n'
                 '\n'
                 '+ Tuổi: Dưới 35 tuổi.\n'
                 '\n'
                 '+ Trình độ tiếng Anh: Bằng B trở lên (Ưu tiên thí sinh có '
                 'chứng chỉ Tiếng Anh quốc tế: TOEFL, IELTS, TOEIC...).',
 'salary': 'Tới 20 triệu',
 'title': 'Chuyên Viên Quản Lý Chất Lượng Thu Nhập Lên Đến 20 Triệu, Nghỉ Thứ '
          '7 Chủ Nhật'}
2024-07-11 22:50:09 [scrapy] DEBUG: Crawled (200) <GET https://www.topcv.vn/viec-lam/japanese-operator/1392844.html?ta_source=ITJobs_LinkDetail> (referer: https://www.topcv.vn/viec-lam-it?sort=&skill_id=&skill_id_other=&keyword=&company_field=1&position=&salary=)
2024-07-11 22:50:09 [scrapy] DEBUG: Scraped from <200 https://www.topcv.vn/viec-lam/japanese-operator/1392844.html?ta_source=ITJobs_LinkDetail>
{'benefits': '● Salary: 15.000.000– 30.000.000VND/month (However, we are open '
             'to negotiating based on how much experience you have and the '
             'skills you bring)\n'
             '● Full salary probation, Full SMUI, another allowance\n'
             '● Working Location: E-town Central, 11 Doan Van Bo, District 4, '
             'HCMC\n'
             '● Working time: 9:00 am to 6:00 pm from Monday to Friday\n'
             ' \n'
             'Thank you.',
 'company': 'CÔNG TY TNHH SCIFATE VN',
 'deadline': '',
 'description': 'Salvia is a Singapore-based Tech startup that helps you '
                'resolve your queries on topics such as love, marriage, '
                'psychology, family, and careers. We have a team of expert '
                'advisors from various fields (Astrology, Horoscope, '
                'Spiritual, Tarot) who can give you the most accurate '
                'answers.\n'
                'With our app, you can use the Call option to chat with our '
                'advisors anytime and anywhere, in a fast and convenient way.\n'
                '1. Job Responsibilities:\n'
                '● Find, contact, and hire advisors/consultants in the field '
                'of Astrology, Horoscope, Spiritual or Emotional guidance, '
                'etc. in Japan\n'
                '● Assist in operating, creating, and maintaining consultant '
                'accounts\n'
                '● Ensure that consultant accounts work efficiently and '
                'effectively\n'
                '● Monitor the availability of consultants on the app\n'
                '● Write reports and develop work plans',
 'experience': '1 năm',
 'how_to_apply': 'Ứng tuyển',
 'link': 'https://www.topcv.vn/viec-lam/japanese-operator/1392844.html?ta_source=ITJobs_LinkDetail',
 'location': 'Hồ Chí Minh',
 'requirements': '',
 'salary': '15 - 30 triệu',
 'title': 'Japanese Operator'}
2024-07-11 22:50:14 [scrapy] DEBUG: Crawled (200) <GET https://www.topcv.vn/viec-lam/data-business-analyst/1349748.html?ta_source=ITJobs_LinkDetail> (referer: https://www.topcv.vn/viec-lam-it?sort=&skill_id=&skill_id_other=&keyword=&company_field=1&position=&salary=)
2024-07-11 22:50:15 [scrapy] DEBUG: Scraped from <200 https://www.topcv.vn/viec-lam/data-business-analyst/1349748.html?ta_source=ITJobs_LinkDetail>
{'benefits': '',
 'company': 'Tek Experts Vietnam',
 'deadline': '',
 'description': 'Tek Experts PSV là công ty trực thuộc tập đoàn đa quốc gia '
                'YNV, hoạt động trong lĩnh vực cung cấp dịch vụ và giải pháp '
                'công nghệ cho các đối tác toàn cầu. Sau nhiều năm hình thành '
                'và phát triển, Tek Experts PSV tự hào cam kết mang đến một '
                'môi trường làm việc quốc tế chuyên nghiệp với đầy đủ trang '
                'thiết bị hiện đại, nơi mọi màu sắc cá nhân được tôn trọng và '
                'tất cả thành viên đều có cơ hội tự do tỏa sáng.\n'
                'Tek Experts PSV đang tìm kiếm ứng viên tiềm năng cho vị trí '
                'Data Business Analyst với nội dung công việc như sau:',
 'experience': '2 năm',
 'how_to_apply': 'Ứng tuyển',
 'link': 'https://www.topcv.vn/viec-lam/data-business-analyst/1349748.html?ta_source=ITJobs_LinkDetail',
 'location': 'Hà Nội',
 'requirements': '',
 'salary': 'Thoả thuận',
 'title': 'Data Business Analyst'}
2024-07-11 22:50:18 [scrapy] DEBUG: Crawled (200) <GET https://www.topcv.vn/viec-lam/java-developer-thu-nhap-15-trieu-22-trieu-di-lam-ngay/1387001.html?ta_source=ITJobs_LinkDetail> (referer: https://www.topcv.vn/viec-lam-it?sort=&skill_id=&skill_id_other=&keyword=&company_field=1&position=&salary=)
2024-07-11 22:50:21 [scrapy] DEBUG: Scraped from <200 https://www.topcv.vn/viec-lam/java-developer-thu-nhap-15-trieu-22-trieu-di-lam-ngay/1387001.html?ta_source=ITJobs_LinkDetail>
{'benefits': '',
 'company': 'Công ty cổ phần phần mềm ITSOL Holding',
 'deadline': '',
 'description': '',
 'experience': '2 năm',
 'how_to_apply': 'Ứng tuyển',
 'link': 'https://www.topcv.vn/viec-lam/java-developer-thu-nhap-15-trieu-22-trieu-di-lam-ngay/1387001.html?ta_source=ITJobs_LinkDetail',
 'location': 'Hà Nội',
 'requirements': '',
 'salary': '15 - 22 triệu',
 'title': 'Java Developer ( Thu Nhập 15 Triệu - 22 Triệu ) - Đi Làm Ngày'}
2024-07-11 22:50:24 [scrapy] DEBUG: Crawled (200) <GET https://www.topcv.vn/viec-lam/manual-tester-thu-nhap-15-trieu-18-trieu/1387008.html?ta_source=ITJobs_LinkDetail> (referer: https://www.topcv.vn/viec-lam-it?sort=&skill_id=&skill_id_other=&keyword=&company_field=1&position=&salary=)
2024-07-11 22:50:26 [scrapy] DEBUG: Scraped from <200 https://www.topcv.vn/viec-lam/manual-tester-thu-nhap-15-trieu-18-trieu/1387008.html?ta_source=ITJobs_LinkDetail>
{'benefits': '',
 'company': 'Công ty cổ phần phần mềm ITSOL Holding',
 'deadline': '',
 'description': '',
 'experience': '2 năm',
 'how_to_apply': 'Ứng tuyển',
 'link': 'https://www.topcv.vn/viec-lam/manual-tester-thu-nhap-15-trieu-18-trieu/1387008.html?ta_source=ITJobs_LinkDetail',
 'location': 'Hà Nội',
 'requirements': '',
 'salary': '15 - 18 triệu',
 'title': 'Manual Tester ( Thu Nhập 15 Triệu -18 Triệu )'}
2024-07-11 22:50:29 [scrapy] DEBUG: Crawled (200) <GET https://www.topcv.vn/viec-lam/angular-developer-thu-nhap-15-trieu-20-trieu-yeu-cau-2-nam-kinh-nghiem/1387019.html?ta_source=ITJobs_LinkDetail> (referer: https://www.topcv.vn/viec-lam-it?sort=&skill_id=&skill_id_other=&keyword=&company_field=1&position=&salary=)
2024-07-11 22:50:29 [scrapy] DEBUG: Scraped from <200 https://www.topcv.vn/viec-lam/angular-developer-thu-nhap-15-trieu-20-trieu-yeu-cau-2-nam-kinh-nghiem/1387019.html?ta_source=ITJobs_LinkDetail>
{'benefits': '',
 'company': 'Công ty cổ phần phần mềm ITSOL Holding',
 'deadline': '',
 'description': '',
 'experience': '2 năm',
 'how_to_apply': 'Ứng tuyển',
 'link': 'https://www.topcv.vn/viec-lam/angular-developer-thu-nhap-15-trieu-20-trieu-yeu-cau-2-nam-kinh-nghiem/1387019.html?ta_source=ITJobs_LinkDetail',
 'location': 'Hà Nội',
 'requirements': '',
 'salary': '15 - 20 triệu',
 'title': 'Angular Developer ( Thu Nhập 15 Triệu - 20 Triệu ) - Yêu Cầu 2 Năm '
          'Kinh Nghiệm'}
2024-07-11 22:50:33 [scrapy] DEBUG: Crawled (200) <GET https://www.topcv.vn/viec-lam/lap-trinh-vien-backend-thu-nhap-tu-20-30-trieu-yeu-cau-kinh-nghiem-3-nam/1390115.html?ta_source=ITJobs_LinkDetail> (referer: https://www.topcv.vn/viec-lam-it?sort=&skill_id=&skill_id_other=&keyword=&company_field=1&position=&salary=)
2024-07-11 22:50:33 [scrapy] DEBUG: Scraped from <200 https://www.topcv.vn/viec-lam/lap-trinh-vien-backend-thu-nhap-tu-20-30-trieu-yeu-cau-kinh-nghiem-3-nam/1390115.html?ta_source=ITJobs_LinkDetail>
{'benefits': '- Thu nhập dao động từ 20 – 30 triệu trở lên - không giới hạn '
             'tuỳ thuộc vào năng lực.\n'
             '- Được đóng BHXH theo quy định.\n'
             '\n'
             '- Được đào tạo kèm cặp bởi quản lý trực tiếp, có cơ hội tham gia '
             'các khóa đào tạo về chuyên môn nghiệp vụ & nâng cao.\n'
             '- Được nghỉ 12 ngày phép/năm\n'
             '\n'
             '- Làm việc 5 ngày/ tuần và không có overtime\n'
             '\n'
             '- Toàn văn phòng hạng A, cơ sở vật chất hiện đại, tiên tiến\n'
             '\n'
             '- Được làm việc trong môi trường chuyên nghiệp, năng động, nhiều '
             'cơ hội phát triển nghề nghiệp.',
 'company': 'Công ty TNHH hearme',
 'deadline': '',
 'description': '• Thiết kế và phát triển các ứng dụng backend bằng ngôn ngữ '
                'Python.\n'
                '\n'
                '• Xây dựng và tối ưu hóa các API để hỗ trợ các ứng dụng '
                'frontend.\n'
                '\n'
                '• Quản lý và duy trì cơ sở dữ liệu.\n'
                '\n'
                '• Tối ưu hóa hiệu suất và đảm bảo tính bảo mật cho hệ thống.• '
                'Hợp tác chặt chẽ với đội ngũ frontend và các bên liên quan '
                'khác để đảm bảo tích hợp hệ thống mượt mà.\n'
                '• Tham gia vào quá trình phân tích yêu cầu và lập kế hoạch '
                'phát triển sản phẩm.',
 'experience': '3 năm',
 'how_to_apply': 'Ứng tuyển',
 'link': 'https://www.topcv.vn/viec-lam/lap-trinh-vien-backend-thu-nhap-tu-20-30-trieu-yeu-cau-kinh-nghiem-3-nam/1390115.html?ta_source=ITJobs_LinkDetail',
 'location': 'Hà Nội',
 'requirements': '',
 'salary': '20 - 30 triệu',
 'title': 'Lập Trình Viên Backend Thu Nhập Từ 20 - 30 Triệu Yêu Cầu Kinh '
          'Nghiệm 3 Năm'}
2024-07-11 22:50:39 [scrapy] DEBUG: Crawled (200) <GET https://www.topcv.vn/viec-lam-it?sort=&skill_id=&skill_id_other=&keyword=&company_field=1&position=&salary=&page=2> (referer: https://www.topcv.vn/viec-lam-it?sort=&skill_id=&skill_id_other=&keyword=&company_field=1&position=&salary=)
2024-07-11 22:50:44 [scrapy] DEBUG: Crawled (200) <GET https://www.topcv.vn/viec-lam/digital-marketing-lead-generation/1366012.html?ta_source=ITJobs_LinkDetail> (referer: https://www.topcv.vn/viec-lam-it?sort=&skill_id=&skill_id_other=&keyword=&company_field=1&position=&salary=)
2024-07-11 22:50:44 [scrapy] DEBUG: Scraped from <200 https://www.topcv.vn/viec-lam/digital-marketing-lead-generation/1366012.html?ta_source=ITJobs_LinkDetail>
{'benefits': '',
 'company': 'CÔNG TY TNHH ISB VIỆT NAM',
 'deadline': '',
 'description': '• Craft and implement comprehensive digital marketing '
                'campaigns across various platforms, including social media '
                '(Facebook, Google, LinkedIn, etc.). Continuously monitor and '
                'measure performance against established goals (ROI and KPIs). '
                'Leverage data insights to identify areas for improvement and '
                'make data-driven adjustments to optimize campaigns.\n'
                '• Take ownership of consistent growth and performance '
                'improvements across all marketing channels, optimizing '
                'strategies for maximum impact. Benchmark competitor campaigns '
                'and market trends to gain valuable insights and identify '
                'opportunities for innovation and strategic improvement.\n'
                '• Design and manage the lead qualification funnel (MQL to '
                'SAL), nurturing leads and ensuring a seamless handover to the '
                'sales team.\n'
                '• Stay abreast of the latest digital marketing trends and '
                'technologies, actively researching new solutions to enhance '
                'campaign effectiveness.',
 'experience': '3 năm',
 'how_to_apply': 'Ứng tuyển',
 'link': 'https://www.topcv.vn/viec-lam/digital-marketing-lead-generation/1366012.html?ta_source=ITJobs_LinkDetail',
 'location': 'Hồ Chí Minh',
 'requirements': '',
 'salary': '15 - 30 triệu',
 'title': 'Digital Marketing ( Lead Generation )'}
2024-07-11 22:50:49 [scrapy] DEBUG: Crawled (200) <GET https://www.topcv.vn/viec-lam/truong-nhom-seo-website-seo-leader-mang-game-luong-cung-tu-30-trieu-di-lam-ngay/1382047.html?ta_source=ITJobs_LinkDetail> (referer: https://www.topcv.vn/viec-lam-it?sort=&skill_id=&skill_id_other=&keyword=&company_field=1&position=&salary=)
2024-07-11 22:50:49 [scrapy] DEBUG: Scraped from <200 https://www.topcv.vn/viec-lam/truong-nhom-seo-website-seo-leader-mang-game-luong-cung-tu-30-trieu-di-lam-ngay/1382047.html?ta_source=ITJobs_LinkDetail>
{'benefits': '',
 'company': 'Công ty TNHH Công Nghệ Ong Vàng',
 'deadline': '',
 'description': '',
 'experience': '4 năm',
 'how_to_apply': 'Ứng tuyển',
 'link': 'https://www.topcv.vn/viec-lam/truong-nhom-seo-website-seo-leader-mang-game-luong-cung-tu-30-trieu-di-lam-ngay/1382047.html?ta_source=ITJobs_LinkDetail',
 'location': 'Hà Nội',
 'requirements': '',
 'salary': '30 - 50 triệu',
 'title': 'Trưởng Nhóm SEO Website (SEO Leader) - Mảng Game (Lương Cứng Từ 30 '
          'Triệu) Đi Làm Ngay'}
2024-07-11 22:50:53 [scrapy] DEBUG: Crawled (200) <GET https://www.topcv.vn/viec-lam/2d-game-artist-animation-skill/1386749.html?ta_source=ITJobs_LinkDetail> (referer: https://www.topcv.vn/viec-lam-it?sort=&skill_id=&skill_id_other=&keyword=&company_field=1&position=&salary=)
2024-07-11 22:50:54 [scrapy] DEBUG: Scraped from <200 https://www.topcv.vn/viec-lam/2d-game-artist-animation-skill/1386749.html?ta_source=ITJobs_LinkDetail>
{'benefits': '● A competitive salary package that fits your skills, '
             'experiences, and contributions.\n'
             '\n'
             '● Provision of necessary working equipment\n'
             '\n'
             '● A professional, dynamic, and inclusive working environment.',
 'company': 'Công ty TNHH Rainbow 5S',
 'deadline': '',
 'description': '● Produce and participate in graphic creation for the '
                'company’s games.\n'
                '\n'
                '● Create textures, illustrations and concepts based on '
                'project needs.\n'
                '\n'
                '● Demonstrate creativity, adaptability to different game and '
                'graphic styles (pixel, cartoon, realistic, illustration, '
                'etc.).\n'
                '\n'
                '● Ensure quality meets expectations and direction from the '
                'Leads/Art Managers.\n'
                '\n'
                '● Mentor junior artists, offer recommendations and give '
                'advice to local teams.\n'
                '\n'
                '● Visualize abstract concepts & collaborating with the team '
                'on the execution of both large and small projects\n'
                '\n'
                '● Maintaining existing products and providing assets for '
                'marketing purposes\n'
                '\n'
                '● Other tasks assigned by Hiring manager.',
 'experience': '3 năm',
 'how_to_apply': 'Ứng tuyển',
 'link': 'https://www.topcv.vn/viec-lam/2d-game-artist-animation-skill/1386749.html?ta_source=ITJobs_LinkDetail',
 'location': 'Hồ Chí Minh',
 'requirements': '',
 'salary': 'Trên 1,000 USD',
 'title': '2D Game Artist ( Animation Skill )'}
2024-07-11 22:50:59 [scrapy] DEBUG: Crawled (200) <GET https://www.topcv.vn/viec-lam/nhan-vien-kinh-doanh-khoa-hoc-cong-nghe-chap-nhan-sinh-vien-dang-cho-bang-thu-nhap-upto-25m-thang-hoan-kiem-cau-giay-ha-dong/1391326.html?ta_source=ITJobs_LinkDetail> (referer: https://www.topcv.vn/viec-lam-it?sort=&skill_id=&skill_id_other=&keyword=&company_field=1&position=&salary=)
2024-07-11 22:51:00 [scrapy] DEBUG: Scraped from <200 https://www.topcv.vn/viec-lam/nhan-vien-kinh-doanh-khoa-hoc-cong-nghe-chap-nhan-sinh-vien-dang-cho-bang-thu-nhap-upto-25m-thang-hoan-kiem-cau-giay-ha-dong/1391326.html?ta_source=ITJobs_LinkDetail>
{'benefits': '',
 'company': 'CÔNG TY CỔ PHẦN CÔNG NGHỆ & SÁNG TẠO TRẺ TEKY HOLDINGS',
 'deadline': '',
 'description': '',
 'experience': 'Dưới 1 năm',
 'how_to_apply': 'Ứng tuyển',
 'link': 'https://www.topcv.vn/viec-lam/nhan-vien-kinh-doanh-khoa-hoc-cong-nghe-chap-nhan-sinh-vien-dang-cho-bang-thu-nhap-upto-25m-thang-hoan-kiem-cau-giay-ha-dong/1391326.html?ta_source=ITJobs_LinkDetail',
 'location': 'Hà Nội',
 'requirements': '',
 'salary': '12 - 25 triệu',
 'title': 'Nhân Viên Kinh Doanh Khoá Học Công Nghê, Chấp Nhận Sinh Viên Đang '
          'Chờ Bằng. Thu Nhập Upto 25M++/Tháng [Hoàn Kiếm/Cầu Giấy/Hà Đông]'}
2024-07-11 22:51:05 [scrapy] DEBUG: Crawled (200) <GET https://www.topcv.vn/viec-lam/mid-java-dev/1392378.html?ta_source=ITJobs_LinkDetail> (referer: https://www.topcv.vn/viec-lam-it?sort=&skill_id=&skill_id_other=&keyword=&company_field=1&position=&salary=)
2024-07-11 22:51:05 [scrapy] DEBUG: Scraped from <200 https://www.topcv.vn/viec-lam/mid-java-dev/1392378.html?ta_source=ITJobs_LinkDetail>
{'benefits': '',
 'company': 'CÔNG TY TNHH ISB VIỆT NAM',
 'deadline': '',
 'description': 'Analyze and understand existing VB.NET codebases, focusing on '
                'business logic and functionalities.\n'
                ' Translate VB.NET code into clean, well-structured Java code '
                'using Spring frameworks (Spring Boot preferred).\n'
                ' Design and document detailed design specifications for the '
                'converted Java code, ensuring maintainability and '
                'scalability.\n'
                ' Develop and implement unit tests for the converted Java code '
                'to guarantee code quality and reliability.\n'
                ' Collaborate with the development team to understand business '
                'requirements and ensure the converted code meets those needs.',
 'experience': '2 năm',
 'how_to_apply': 'Ứng tuyển',
 'link': 'https://www.topcv.vn/viec-lam/mid-java-dev/1392378.html?ta_source=ITJobs_LinkDetail',
 'location': 'Hồ Chí Minh',
 'requirements': '',
 'salary': '13 - 25 triệu',
 'title': 'Mid Java Dev'}
2024-07-11 22:51:11 [scrapy] DEBUG: Crawled (200) <GET https://www.topcv.vn/viec-lam/it-business-development-sales/1349675.html?ta_source=ITJobs_LinkDetail> (referer: https://www.topcv.vn/viec-lam-it?sort=&skill_id=&skill_id_other=&keyword=&company_field=1&position=&salary=)
2024-07-11 22:51:11 [scrapy] DEBUG: Scraped from <200 https://www.topcv.vn/viec-lam/it-business-development-sales/1349675.html?ta_source=ITJobs_LinkDetail>
{'benefits': '',
 'company': 'CÔNG TY TNHH ISB VIỆT NAM',
 'deadline': '',
 'description': '',
 'experience': '2 năm',
 'how_to_apply': 'Ứng tuyển',
 'link': 'https://www.topcv.vn/viec-lam/it-business-development-sales/1349675.html?ta_source=ITJobs_LinkDetail',
 'location': 'Hồ Chí Minh',
 'requirements': '',
 'salary': 'Thoả thuận',
 'title': 'IT Business Development ( Sales )'}
2024-07-11 22:51:15 [scrapy] DEBUG: Crawled (200) <GET https://www.topcv.vn/viec-lam/senior-lead-embedded-engineer-c-linux/1397319.html?ta_source=ITJobs_LinkDetail> (referer: https://www.topcv.vn/viec-lam-it?sort=&skill_id=&skill_id_other=&keyword=&company_field=1&position=&salary=)
2024-07-11 22:51:16 [scrapy] DEBUG: Scraped from <200 https://www.topcv.vn/viec-lam/senior-lead-embedded-engineer-c-linux/1397319.html?ta_source=ITJobs_LinkDetail>
{'benefits': '',
 'company': 'Công ty TNHH Kaii Soft',
 'deadline': '',
 'description': 'Kaii Soft company is looking for embedded software engineers '
                'with the passion and ability to grow together.\n'
                'Currently, we need excellent engineers capable of developing '
                'embedded S/W for application to self-driving cars in '
                'cooperation with Korea company.\n'
                'If you are passionate about the embedded systems field and '
                'enjoy continuous learning and development, apply now\n'
                'You will be responsible for:',
 'experience': 'Trên 5 năm',
 'how_to_apply': 'Ứng tuyển',
 'link': 'https://www.topcv.vn/viec-lam/senior-lead-embedded-engineer-c-linux/1397319.html?ta_source=ITJobs_LinkDetail',
 'location': 'Hồ Chí Minh',
 'requirements': '',
 'salary': 'Thoả thuận',
 'title': 'Senior/Lead Embedded Engineer (C++/Linux)'}
2024-07-11 22:51:21 [scrapy] DEBUG: Crawled (200) <GET https://www.topcv.vn/viec-lam/senior-lead-embedded-test/1397329.html?ta_source=ITJobs_LinkDetail> (referer: https://www.topcv.vn/viec-lam-it?sort=&skill_id=&skill_id_other=&keyword=&company_field=1&position=&salary=)
2024-07-11 22:51:21 [scrapy] DEBUG: Scraped from <200 https://www.topcv.vn/viec-lam/senior-lead-embedded-test/1397329.html?ta_source=ITJobs_LinkDetail>
{'benefits': '',
 'company': 'Công ty TNHH Kaii Soft',
 'deadline': '',
 'description': 'Kaii Soft company is looking for embedded test with the '
                'passion and ability to grow together.\n'
                'Currently, we need excellent engineers who can work with '
                'Korea company to perform embedded software testing and '
                'verification for the ISO26262 standard for application to '
                'autonomous vehicles. \n'
                'If you are passionate about the embedded systems field and '
                'enjoy continuous learning and development, apply now!',
 'experience': '3 năm',
 'how_to_apply': 'Ứng tuyển',
 'link': 'https://www.topcv.vn/viec-lam/senior-lead-embedded-test/1397329.html?ta_source=ITJobs_LinkDetail',
 'location': 'Hồ Chí Minh',
 'requirements': '',
 'salary': 'Thoả thuận',
 'title': 'Senior/Lead Embedded Test'}
2024-07-11 22:51:27 [scrapy] DEBUG: Crawled (200) <GET https://www.topcv.vn/viec-lam/leader-team-odoo-it-thu-nhap-25-40-trieu-thang-tai-ha-noi/1397543.html?ta_source=ITJobs_LinkDetail> (referer: https://www.topcv.vn/viec-lam-it?sort=&skill_id=&skill_id_other=&keyword=&company_field=1&position=&salary=)
2024-07-11 22:51:27 [scrapy] DEBUG: Scraped from <200 https://www.topcv.vn/viec-lam/leader-team-odoo-it-thu-nhap-25-40-trieu-thang-tai-ha-noi/1397543.html?ta_source=ITJobs_LinkDetail>
{'benefits': '- Lương: thỏa thuận theo năng lực 25 – 40tr\n'
             '\n'
             '- Thu nhập: LCB + Thưởng tháng 13 + Thưởng quý/năm + Thưởng '
             'KPIs\n'
             '\n'
             '- Được tham gia BHYT, BHXH và các phúc lợi khác theo quy định '
             'của Công ty.\n'
             '\n'
             '- Được làm việc trong môi trường chuyên nghiệp, sáng tạo và năng '
             'động.\n'
             '\n'
             '- Khả năng học hỏi nhanh chóng và thích nghi với môi trường mới\n'
             '\n'
             '- Ham học hỏi, đam mê công nghệ và mong muốn phát triển bản thân',
 'company': 'Công ty TNHH Ancao',
 'deadline': '',
 'description': '- Lãnh đạo và quản lý nhóm lập trình viên Odoo\n'
                '\n'
                '- Phân công và giám sát công việc của các thành viên trong '
                'nhóm\n'
                '\n'
                '- Đảm bảo tiến độ dự án và chất lượng sản phẩm\n'
                '\n'
                '- Thiết kế và xây dựng các giải pháp Odoo đáp ứng nhu cầu '
                'kinh doanh\n'
                '\n'
                '- Hỗ trợ và tư vấn cho khách hàng về các vấn đề liên quan đến '
                'Odoo\n'
                '\n'
                '- Cập nhật kiến thức về Odoo Framework và các công nghệ mới\n'
                '\n'
                '- Tham gia vào các hoạt động phát triển cộng đồng Odoo\n'
                '\n'
                '- Hỗ trợ các bộ phận liên quan, sửa lỗi trong quá trình triển '
                'khai',
 'experience': '5 năm',
 'how_to_apply': 'Ứng tuyển',
 'link': 'https://www.topcv.vn/viec-lam/leader-team-odoo-it-thu-nhap-25-40-trieu-thang-tai-ha-noi/1397543.html?ta_source=ITJobs_LinkDetail',
 'location': 'Hà Nội',
 'requirements': '- Có ít nhất 5 năm kinh nghiệm làm việc với Odoo Framework',
 'salary': '25 - 40 triệu',
 'title': 'Leader Team Odoo ( IT) (Thu Nhập 25 - 40 Triệu/ Tháng) Tại Hà Nội'}
2024-07-11 22:51:32 [scrapy] DEBUG: Crawled (200) <GET https://www.topcv.vn/viec-lam/lap-trinh-vien-it-thu-nhap-12-40-trieu-thang-tai-ha-noi/1397585.html?ta_source=ITJobs_LinkDetail> (referer: https://www.topcv.vn/viec-lam-it?sort=&skill_id=&skill_id_other=&keyword=&company_field=1&position=&salary=)
2024-07-11 22:51:32 [scrapy] DEBUG: Scraped from <200 https://www.topcv.vn/viec-lam/lap-trinh-vien-it-thu-nhap-12-40-trieu-thang-tai-ha-noi/1397585.html?ta_source=ITJobs_LinkDetail>
{'benefits': '- Lương: thỏa thuận theo năng lực 12 – 40tr\n'
             '\n'
             '- Thu nhập: LCB + Thưởng tháng 13 + Thưởng quý/năm + Thưởng '
             'KPIs\n'
             '\n'
             '- Được tham gia BHYT, BHXH và các phúc lợi khác theo quy định '
             'của Công ty.\n'
             '\n'
             '- Được làm việc trong môi trường chuyên nghiệp, sáng tạo và năng '
             'động.',
 'company': 'Công ty TNHH Ancao',
 'deadline': '',
 'description': '- Tham gia phát triển các ứng dụng của Odoo\n'
                '\n'
                '- Nâng cấp và phát triển các tính năng mới của dự án\n'
                '\n'
                '- Quản lý và maintain các ứng dụng đảm bảo chất lượng\n'
                '\n'
                '- Hỗ trợ các bộ phận liên quan, sửa lỗi trong quá trình triển '
                'khai',
 'experience': '3 năm',
 'how_to_apply': 'Ứng tuyển',
 'link': 'https://www.topcv.vn/viec-lam/lap-trinh-vien-it-thu-nhap-12-40-trieu-thang-tai-ha-noi/1397585.html?ta_source=ITJobs_LinkDetail',
 'location': 'Hà Nội',
 'requirements': '',
 'salary': '12 - 40 triệu',
 'title': 'Lập Trình Viên/ IT (Thu Nhập 12 - 40 Triệu/ Tháng) Tại Hà Nội'}
2024-07-11 22:51:37 [scrapy] DEBUG: Crawled (200) <GET https://www.topcv.vn/viec-lam/frontend-reactjs-developer/1399123.html?ta_source=ITJobs_LinkDetail> (referer: https://www.topcv.vn/viec-lam-it?sort=&skill_id=&skill_id_other=&keyword=&company_field=1&position=&salary=)
2024-07-11 22:51:37 [scrapy] DEBUG: Scraped from <200 https://www.topcv.vn/viec-lam/frontend-reactjs-developer/1399123.html?ta_source=ITJobs_LinkDetail>
{'benefits': '',
 'company': 'Công ty cổ phần phần mềm ITSOL Holding',
 'deadline': '',
 'description': '',
 'experience': '2 năm',
 'how_to_apply': 'Ứng tuyển',
 'link': 'https://www.topcv.vn/viec-lam/frontend-reactjs-developer/1399123.html?ta_source=ITJobs_LinkDetail',
 'location': 'Hà Nội',
 'requirements': '',
 'salary': '15 - 20 triệu',
 'title': 'Frontend (Reactjs) Developer'}
2024-07-11 22:51:42 [scrapy] DEBUG: Crawled (200) <GET https://www.topcv.vn/viec-lam/frontend-vuejs-developer-ngan-han-3-thang/1399073.html?ta_source=ITJobs_LinkDetail> (referer: https://www.topcv.vn/viec-lam-it?sort=&skill_id=&skill_id_other=&keyword=&company_field=1&position=&salary=)
2024-07-11 22:51:42 [scrapy] DEBUG: Scraped from <200 https://www.topcv.vn/viec-lam/frontend-vuejs-developer-ngan-han-3-thang/1399073.html?ta_source=ITJobs_LinkDetail>
{'benefits': '',
 'company': 'Công ty cổ phần phần mềm ITSOL Holding',
 'deadline': '',
 'description': '',
 'experience': '2 năm',
 'how_to_apply': 'Ứng tuyển',
 'link': 'https://www.topcv.vn/viec-lam/frontend-vuejs-developer-ngan-han-3-thang/1399073.html?ta_source=ITJobs_LinkDetail',
 'location': 'Hà Nội',
 'requirements': '',
 'salary': '15 - 20 triệu',
 'title': 'Frontend (Vuejs) Developer (Ngắn Hạn 3 Tháng)'}
2024-07-11 22:51:48 [scrapy] DEBUG: Crawled (200) <GET https://www.topcv.vn/viec-lam/backend-nestjs-developer-ngan-han-3-thang/1399105.html?ta_source=ITJobs_LinkDetail> (referer: https://www.topcv.vn/viec-lam-it?sort=&skill_id=&skill_id_other=&keyword=&company_field=1&position=&salary=)
2024-07-11 22:51:48 [scrapy] DEBUG: Scraped from <200 https://www.topcv.vn/viec-lam/backend-nestjs-developer-ngan-han-3-thang/1399105.html?ta_source=ITJobs_LinkDetail>
{'benefits': 'Lương thỏa thuận theo năng lực (upto 20tr) \n'
             'Được cấp đầy đủ thiết bị làm việc \n'
             'Thưởng hiệu quả công việc \n'
             'Happy time thứ 4 hàng tuần \n'
             'Teambuiding theo quý \n'
             'Môi trường chuyên nghiệp, thân thiện',
 'company': 'Công ty cổ phần phần mềm ITSOL Holding',
 'deadline': '',
 'description': '',
 'experience': '2 năm',
 'how_to_apply': 'Ứng tuyển',
 'link': 'https://www.topcv.vn/viec-lam/backend-nestjs-developer-ngan-han-3-thang/1399105.html?ta_source=ITJobs_LinkDetail',
 'location': 'Hà Nội',
 'requirements': '',
 'salary': '15 - 20 triệu',
 'title': 'Backend (Nestjs) Developer (Ngắn Hạn 3 Tháng)'}
2024-07-11 22:51:50 [scrapy] DEBUG: Crawled (200) <GET https://www.topcv.vn/viec-lam/devops-engineer-cloud/1298175.html?ta_source=ITJobs_LinkDetail> (referer: https://www.topcv.vn/viec-lam-it?sort=&skill_id=&skill_id_other=&keyword=&company_field=1&position=&salary=)
2024-07-11 22:51:51 [scrapy] DEBUG: Scraped from <200 https://www.topcv.vn/viec-lam/devops-engineer-cloud/1298175.html?ta_source=ITJobs_LinkDetail>
{'benefits': '"Our Core Values" are People-oriented, Fair, and Teamwork, '
             'Mutual help, and Trust.\n'
             'When you join our team, you will be given the opportunity to '
             'become more excellent. We actively encourage each one of you to '
             "share your strategic suggestions and feedback on the company's "
             'operations and development, and to work together to take the '
             'company to the next level.',
 'company': 'CÔNG TY TNHH JARVIS TECH',
 'deadline': '',
 'description': '',
 'experience': '2 năm',
 'how_to_apply': 'Ứng tuyển',
 'link': 'https://www.topcv.vn/viec-lam/devops-engineer-cloud/1298175.html?ta_source=ITJobs_LinkDetail',
 'location': 'Hà Nội',
 'requirements': '',
 'salary': 'Thoả thuận',
 'title': 'Devops Engineer (Cloud)'}
2024-07-11 22:51:54 [scrapy] DEBUG: Crawled (200) <GET https://www.topcv.vn/viec-lam/coaching-data-analyst/1383734.html?ta_source=ITJobs_LinkDetail> (referer: https://www.topcv.vn/viec-lam-it?sort=&skill_id=&skill_id_other=&keyword=&company_field=1&position=&salary=)
2024-07-11 22:51:54 [scrapy] DEBUG: Scraped from <200 https://www.topcv.vn/viec-lam/coaching-data-analyst/1383734.html?ta_source=ITJobs_LinkDetail>
{'benefits': '• Làm Remote , không cần lên văn phòng \n'
             '• Mức lương: thỏa thuận tùy theo năng lực. \n'
             'Từ 10.000.000 trở lên\n'
             '.\n'
             '\n'
             '• Performance review: 2 lần/năm\n'
             '\n'
             '• Chính sách hỗ trợ các hoạt động học tập nâng cao chuyên môn.\n'
             '\n'
             '• (Seminar công nghệ – Tech Expert, cầu lông, đá banh,...), Du '
             'lich thường niên, hoạt động team building hàng quý.\n'
             '• Được đào tạo và phỏng vấn trực tiếp với khách hàng quốc tế, '
             'nâng cao trình độ tiếng Anh và kỹ năng đàm phán.\n'
             '\n'
             '. Làm việc trong Môi trường chuyên nghiệp, cởi mở, đề cao sự '
             'sáng tạo: Được tư vấn, đồng hành và hỗ trợ phát triển sự nghiệp '
             'giúp định hướng mục tiêu cá nhân bởi chuyên gia ở Úc và Việt '
             'Nam. Hỗ trợ xác định mục tiêu 3 tháng-6 tháng (Goal Define '
             'Support);\n'
             '\n'
             'Đến với JUNG TALENTS bạn sẽ hòa nhập vào Văn hóa học tập mạnh '
             'mẽ; Văn hoá dám nghĩ dám làm để trải nghiệm và phát triển',
 'company': 'CTY TNHH JUNG TALENTS',
 'deadline': '',
 'description': '• Tham gia coaching và đào tạo về công việc của Data Analyst '
                '(sẽ được công ty training)\n'
                '• Tham gia và nghiên cứu dự án phân tích dữ liệu của công '
                'ty.\n'
                '• Tìm hiểu và ứng dụng với các công cụ giúp phân tích và trực '
                'quan hóa dữ liệu trong môi trường thực tế.',
 'experience': 'Không yêu cầu kinh nghiệm',
 'how_to_apply': 'Ứng tuyển',
 'link': 'https://www.topcv.vn/viec-lam/coaching-data-analyst/1383734.html?ta_source=ITJobs_LinkDetail',
 'location': 'Hồ Chí Minh',
 'requirements': '- Ưu tiên cho người có kinh nghiệm giảng dạy, COACHING\n'
                 '- Tiếng Anh Tốt: IELTS từ 6.0 trở lên, TOIEC từ 800. Kỹ năng '
                 'Speaking tốt để thực hiện công việc đào tạo, giảng dạy môi '
                 'trường quốc tế.',
 'salary': 'Trên 10 triệu',
 'title': 'Coaching Data Analyst'}
2024-07-11 22:51:58 [scrapy] DEBUG: Crawled (200) <GET https://www.topcv.vn/viec-lam/video-editor/1389288.html?ta_source=ITJobs_LinkDetail> (referer: https://www.topcv.vn/viec-lam-it?sort=&skill_id=&skill_id_other=&keyword=&company_field=1&position=&salary=)
2024-07-11 22:51:58 [scrapy] DEBUG: Scraped from <200 https://www.topcv.vn/viec-lam/video-editor/1389288.html?ta_source=ITJobs_LinkDetail>
{'benefits': '- Thưởng: thưởng các ngày lễ, Tết; thưởng kết quả công việc; '
             'thưởng đột xuất khác\n'
             '- Xét tăng lương 1-2 lần trong năm\n'
             '- Phụ cấp: phụ cấp ăn trưa, điện thoại, đi lại; phụ cấp trách '
             'nhiệm\n'
             '- Phúc lợi xã hội: bảo hiểm xã hội, bảo hiểm y tế, bảo hiểm thất '
             'nghiệp\n'
             '- Chế độ nghỉ phép, nghỉ ngày lễ theo quy định của Nhà nước\n'
             '- Chế độ nghỉ mát hàng năm, teambuilding hàng tháng, quý\n'
             '- Chế độ thai sản\n'
             '- Khám sức khỏe định kỳ hàng năm\n'
             '- Thăm hỏi, động viên, giúp đỡ tinh thần và vật chất cho nhân '
             'viên: cưới hỏi, bệnh tật, tai nạn, việc hiếu\n'
             '- Tặng quà các cháu thiếu nhi dịp Quốc tế thiếu nhi, tết Trung '
             'thu\n'
             '- Tổ chức, khuyến khích các hoạt động thể thao tăng cường sức '
             'khỏe và tình đoàn kết\n'
             '- Chúc mừng sinh nhật nhân viên hàng tháng\n'
             '- Liên hoan, picnic, team building định kỳ',
 'company': 'Công ty TNHH Đầu Tư và Phát Triển Phần Mềm Bắc Hà',
 'deadline': '',
 'description': '• Lên ý tưởng và làm video quảng cáo App/Web\n'
                '• Cắt ghép các video giới thiệu app, các video phục vụ cho '
                'Marketing truyền thông của công ty\n'
                '• Các công việc khác được Leader phân công.',
 'experience': '1 năm',
 'how_to_apply': 'Ứng tuyển',
 'link': 'https://www.topcv.vn/viec-lam/video-editor/1389288.html?ta_source=ITJobs_LinkDetail',
 'location': 'Hà Nội',
 'requirements': '',
 'salary': '10 - 20 triệu',
 'title': 'Video Editor'}
2024-07-11 22:52:02 [scrapy] DEBUG: Crawled (200) <GET https://www.topcv.vn/viec-lam-it?sort=&skill_id=&skill_id_other=&keyword=&company_field=1&position=&salary=&page=3> (referer: https://www.topcv.vn/viec-lam-it?sort=&skill_id=&skill_id_other=&keyword=&company_field=1&position=&salary=&page=2)
2024-07-11 22:52:05 [scrapy] DEBUG: Crawled (200) <GET https://www.topcv.vn/viec-lam/sale-it-tieng-han/1400308.html?ta_source=ITJobs_LinkDetail> (referer: https://www.topcv.vn/viec-lam-it?sort=&skill_id=&skill_id_other=&keyword=&company_field=1&position=&salary=&page=2)
2024-07-11 22:52:05 [scrapy] DEBUG: Scraped from <200 https://www.topcv.vn/viec-lam/sale-it-tieng-han/1400308.html?ta_source=ITJobs_LinkDetail>
{'benefits': '',
 'company': 'CÔNG TY CỔ PHẦN CÔNG NGHỆ GIÁO DỤC F8',
 'deadline': '',
 'description': '',
 'experience': 'Dưới 1 năm',
 'how_to_apply': 'Ứng tuyển',
 'link': 'https://www.topcv.vn/viec-lam/sale-it-tieng-han/1400308.html?ta_source=ITJobs_LinkDetail',
 'location': 'Hà Nội',
 'requirements': '',
 'salary': 'Trên 8 triệu',
 'title': 'Sale IT Tiếng Hàn'}
2024-07-11 22:52:11 [scrapy] DEBUG: Crawled (200) <GET https://www.topcv.vn/viec-lam/java-developer/1353098.html?ta_source=ITJobs_LinkDetail> (referer: https://www.topcv.vn/viec-lam-it?sort=&skill_id=&skill_id_other=&keyword=&company_field=1&position=&salary=&page=2)
2024-07-11 22:52:11 [scrapy] DEBUG: Scraped from <200 https://www.topcv.vn/viec-lam/java-developer/1353098.html?ta_source=ITJobs_LinkDetail>
{'benefits': '- Thu nhập hấp dẫn bao gồm lương tháng 13 và các chế độ bonus '
             'khác (Giới thiệu ứng viên, đề xuất phương án làm việc hay..)\n'
             '- Chế độ nghỉ lễ, nghỉ ốm, nghỉ sinh, nghỉ kết hôn hưởng lương '
             'theo quy định của Nhà nước\n'
             '- Đóng bảo hiểm đầy đủ theo quy định\n'
             '- Môi trường làm việc cởi mở, dân chủ và chuyên nghiệp\n'
             '- Được tham gia các khóa đào tạo nội bộ và được hỗ trợ thi chứng '
             'chỉ Quốc tế',
 'company': 'CÔNG TY CỔ PHẦN CÔNG NGHỆ GIÁO DỤC F8',
 'deadline': '',
 'description': '- Tham gia các dự án về tài chính\n'
                '- Phát triển các nội dung xử lý phía back-end theo yêu cầu dự '
                'án\n'
                '- Phát triển API kết nối với front-end \n'
                '- Đảm bảo các tiêu chuẩn bảo mật và mã hóa\n'
                '- Thực hiện review code và fix bug để đảm bảo độ tin cậy của '
                'hệ thống\n'
                '- Tuân thủ quy trình/quy định của công ty',
 'experience': '3 năm',
 'how_to_apply': 'Ứng tuyển',
 'link': 'https://www.topcv.vn/viec-lam/java-developer/1353098.html?ta_source=ITJobs_LinkDetail',
 'location': 'Hồ Chí Minh',
 'requirements': '',
 'salary': 'Trên 20 triệu',
 'title': 'Java Developer'}
2024-07-11 22:52:17 [scrapy] DEBUG: Crawled (200) <GET https://www.topcv.vn/viec-lam/ky-su-giai-phap-team-leader-java/1401106.html?ta_source=ITJobs_LinkDetail> (referer: https://www.topcv.vn/viec-lam-it?sort=&skill_id=&skill_id_other=&keyword=&company_field=1&position=&salary=&page=2)
2024-07-11 22:52:17 [scrapy] DEBUG: Scraped from <200 https://www.topcv.vn/viec-lam/ky-su-giai-phap-team-leader-java/1401106.html?ta_source=ITJobs_LinkDetail>
{'benefits': 'Hưởng các chế độ phúc lợi như nghỉ mát, ngoại khóa, các sự kiện '
             'hàng quý/năm, các phần quà các ngày lễ, tết...',
 'company': 'Công ty cổ phần công nghệ DTT',
 'deadline': '',
 'description': '- Xây dựng ứng dụng phần mềm trên nền công nghệ Java và Phần '
                'mềm mã nguồn mở.\n'
                '- Tham gia các dự án công nghệ thông tin cho các bộ ngành, '
                'địa phương về chính quyền điện tử.\n'
                '- Tham gia quá trình phân tích thiết kế hệ thống đưa ra các '
                'giải pháp thiết kế.\n'
                '- Lựa chọn và nghiên cứu công nghệ cho từng dự án.\n'
                '- Quản lý team từ 3-5 người trong quá trình phát triển phần '
                'mềm.\n'
                '- Đảm bảo chất lượng và tiến độ các phần phụ trách.\n'
                '- Phân công,hướng dẫn, điều phối và hỗ trợ các thành viên '
                'trong team thực hiện các công việc được giao.\n'
                '- Cài đặt hệ thống trên các hạ tầng kiểm thử và chạy thật đảm '
                'bảo hệ thống vận hành đúng theo thiết kế.\n'
                '- Trao đổi hỗ trợ với đội nghiệp vụ, kiểm thử đảm bảo dự án '
                'triển khai đúng yêu cầu khách hàng và chất lượng sản phẩm.\n'
                '- Tham gia hỗ trợ viết các tài liệu bao gồm : Kiến trúc hệ '
                'thống, Phân tích thiết kế hệ thống, Tài liệu cấu hình hệ '
                'thống\n'
                '- Thường xuyên báo cáo tiến độ phát triển và có giải pháp xử '
                'lý trong quá trình triển khai dự án.',
 'experience': '3 năm',
 'how_to_apply': 'Ứng tuyển',
 'link': 'https://www.topcv.vn/viec-lam/ky-su-giai-phap-team-leader-java/1401106.html?ta_source=ITJobs_LinkDetail',
 'location': 'Hà Nội',
 'requirements': '',
 'salary': 'Thoả thuận',
 'title': 'Kỹ Sư Giải Pháp (Team Leader Java)'}
2024-07-11 22:52:19 [scrapy] DEBUG: Crawled (200) <GET https://www.topcv.vn/viec-lam/game-designer/263505.html?ta_source=ITJobs_LinkDetail> (referer: https://www.topcv.vn/viec-lam-it?sort=&skill_id=&skill_id_other=&keyword=&company_field=1&position=&salary=&page=2)
2024-07-11 22:52:19 [scrapy] DEBUG: Scraped from <200 https://www.topcv.vn/viec-lam/game-designer/263505.html?ta_source=ITJobs_LinkDetail>
{'benefits': 'Còn gì nữa? Hãy cùng chúng mình khám phá và cùng xây dựng văn '
             'hóa iKame để phát triển từng cá nhân nhé!',
 'company': 'CÔNG TY CỔ PHẦN IKAME VIỆT NAM',
 'deadline': '',
 'description': 'iKame thành lập vào năm 2014 với những con người nhỏ có ước '
                'mơ lớn. Qua 9 năm, iKame Games - Zego Studio hiện đang là '
                'Game Studio TOP 3 GLOBAL về Downloads (Q4/2022) và tiềm năng '
                'lớn cho mảng App iKame Applications với thành tích đứng Top 1 '
                'App Company Việt Nam về Downloads năm 2022. Trong suốt quá '
                'trình đó, chúng tôi luôn hướng tới sự nhiệt huyết, sáng tạo, '
                'trao cho nhau những giá trị, cùng nhau phát triển, cùng hưởng '
                'lợi ích, và đặc biệt luôn đặt "Con người" là trọng tâm của '
                'Công ty.\n'
                'Nếu bạn mong muốn làm việc trong một môi trường cởi mở, không '
                'khoảng cách, nơi bạn được thử thách, được sáng tạo và được '
                'trao cơ hội, thì hãy gia nhập iKame nhé! \n'
                'Hãy khám phá các sản phẩm của iKame trên Google Play:\n'
                'và rất nhiều sản phẩm các dòng action, adventure,... khác '
                'nữa.',
 'experience': '1 năm',
 'how_to_apply': 'Ứng tuyển',
 'link': 'https://www.topcv.vn/viec-lam/game-designer/263505.html?ta_source=ITJobs_LinkDetail',
 'location': 'Hà Nội',
 'requirements': '',
 'salary': 'Tới 40 triệu',
 'title': 'Game Designer'}
2024-07-11 22:52:25 [scrapy] DEBUG: Crawled (200) <GET https://www.topcv.vn/viec-lam/techlead-php/1400965.html?ta_source=ITJobs_LinkDetail> (referer: https://www.topcv.vn/viec-lam-it?sort=&skill_id=&skill_id_other=&keyword=&company_field=1&position=&salary=&page=2)
2024-07-11 22:52:25 [scrapy] DEBUG: Scraped from <200 https://www.topcv.vn/viec-lam/techlead-php/1400965.html?ta_source=ITJobs_LinkDetail>
{'benefits': '',
 'company': 'Công ty CP sáng tạo trẻ Việt Nam Miichisoft',
 'deadline': '',
 'description': '',
 'experience': 'Trên 5 năm',
 'how_to_apply': 'Ứng tuyển',
 'link': 'https://www.topcv.vn/viec-lam/techlead-php/1400965.html?ta_source=ITJobs_LinkDetail',
 'location': 'Hà Nội',
 'requirements': '',
 'salary': '40 - 65 triệu',
 'title': 'Techlead (PHP)'}
2024-07-11 22:52:29 [scrapy] DEBUG: Crawled (200) <GET https://www.topcv.vn/viec-lam/net-developer-tu-4yoe-english-remote/1329297.html?ta_source=ITJobs_LinkDetail> (referer: https://www.topcv.vn/viec-lam-it?sort=&skill_id=&skill_id_other=&keyword=&company_field=1&position=&salary=&page=2)
2024-07-11 22:52:29 [scrapy] DEBUG: Scraped from <200 https://www.topcv.vn/viec-lam/net-developer-tu-4yoe-english-remote/1329297.html?ta_source=ITJobs_LinkDetail>
{'benefits': '',
 'company': 'CÔNG TY CỔ PHẦN LOTUS TECHNOLOGY SERVICES',
 'deadline': '',
 'description': '',
 'experience': '4 năm',
 'how_to_apply': 'Ứng tuyển',
 'link': 'https://www.topcv.vn/viec-lam/net-developer-tu-4yoe-english-remote/1329297.html?ta_source=ITJobs_LinkDetail',
 'location': 'Hà Nội',
 'requirements': '',
 'salary': 'Tới 50 triệu',
 'title': '.Net Developer Từ 4YOE (English_Remote)'}
