2024-07-11 22:40:44 [scrapy] DEBUG: Filtered offsite request to 'www.target.com': <GET http://www.target.com/robots.txt>
2024-07-11 22:40:45 [scrapy] DEBUG: Redirecting (301) to <GET https://www.target.com/p/-/A-13631176> from <GET http://www.target.com/p/-/A-13631176>
2024-07-11 22:40:51 [scrapy] DEBUG: Crawled (404) <GET https://www.target.com/p/-/A-13631176> (referer: None)
2024-07-11 22:40:51 [scrapy] INFO: Ignoring response <404 https://www.target.com/p/-/A-13631176>: HTTP status code is not handled or not allowed
2024-07-11 22:40:51 [scrapy] INFO: Closing spider (finished)
2024-07-11 22:40:51 [scrapy] INFO: Stored json feed (0 items) in: output.json
2024-07-11 22:40:51 [scrapy] INFO: Dumping Scrapy stats:
{'downloader/exception_count': 1,
 'downloader/exception_type_count/scrapy.exceptions.IgnoreRequest': 1,
 'downloader/request_bytes': 674,
 'downloader/request_count': 2,
 'downloader/request_method_count/GET': 2,
 'downloader/response_bytes': 33438,
 'downloader/response_count': 2,
 'downloader/response_status_count/301': 1,
 'downloader/response_status_count/404': 1,
 'elapsed_time_seconds': 7.224211,
 'feedexport/success_count/FileFeedStorage': 1,
 'finish_reason': 'finished',
 'finish_time': datetime.datetime(2024, 7, 11, 15, 40, 51, 849058, tzinfo=datetime.timezone.utc),
 'httpcompression/response_bytes': 155353,
 'httpcompression/response_count': 1,
 'httperror/response_ignored_count': 1,
 'httperror/response_ignored_status_count/404': 1,
 'log_count/DEBUG': 3,
 'log_count/INFO': 9,
 'log_count/WARNING': 1,
 'memusage/max': 51671040,
 'memusage/startup': 51671040,
 'offsite/domains': 1,
 'offsite/filtered': 1,
 'response_received_count': 1,
 'robotstxt/request_count': 1,
 'scheduler/dequeued': 2,
 'scheduler/dequeued/memory': 2,
 'scheduler/enqueued': 2,
 'scheduler/enqueued/memory': 2,
 'start_time': datetime.datetime(2024, 7, 11, 15, 40, 44, 624847, tzinfo=datetime.timezone.utc)}
2024-07-11 22:40:51 [scrapy] INFO: Spider closed (finished)
