2024-07-11 23:25:12 [scrapy] DEBUG: Crawled (404) <GET http://quotes.toscrape.com/robots.txt> (referer: None)
2024-07-11 23:25:16 [scrapy] DEBUG: Crawled (200) <GET http://quotes.toscrape.com/> (referer: None)
2024-07-11 23:25:16 [scrapy] ERROR: Spider error processing <GET http://quotes.toscrape.com/> (referer: None)
Traceback (most recent call last):
  File "/Users/thaiminhhuy/.pyenv/versions/3.10.4/lib/python3.10/site-packages/twisted/internet/defer.py", line 1078, in _runCallbacks
    current.result = callback(  # type: ignore[misc]
  File "/Users/thaiminhhuy/.pyenv/versions/3.10.4/lib/python3.10/site-packages/scrapy/spiders/__init__.py", line 85, in parse
    raise NotImplementedError(
NotImplementedError: QuotesSpider.parse callback is not defined
2024-07-11 23:25:17 [scrapy] INFO: Closing spider (finished)
2024-07-11 23:25:17 [scrapy] INFO: Stored json feed (0 items) in: output.json
2024-07-11 23:25:17 [scrapy] INFO: Dumping Scrapy stats:
{'downloader/request_bytes': 610,
 'downloader/request_count': 2,
 'downloader/request_method_count/GET': 2,
 'downloader/response_bytes': 11504,
 'downloader/response_count': 2,
 'downloader/response_status_count/200': 1,
 'downloader/response_status_count/404': 1,
 'elapsed_time_seconds': 5.690686,
 'feedexport/success_count/FileFeedStorage': 1,
 'finish_reason': 'finished',
 'finish_time': datetime.datetime(2024, 7, 11, 16, 25, 17, 337324, tzinfo=datetime.timezone.utc),
 'log_count/DEBUG': 2,
 'log_count/ERROR': 1,
 'log_count/INFO': 8,
 'log_count/WARNING': 1,
 'memusage/max': 67833856,
 'memusage/startup': 67825664,
 'response_received_count': 2,
 'robotstxt/request_count': 1,
 'robotstxt/response_count': 1,
 'robotstxt/response_status_count/404': 1,
 'scheduler/dequeued/redis': 1,
 'scheduler/enqueued/redis': 1,
 'spider_exceptions/NotImplementedError': 1,
 'start_time': datetime.datetime(2024, 7, 11, 16, 25, 11, 646638, tzinfo=datetime.timezone.utc)}
2024-07-11 23:25:17 [scrapy] INFO: Spider closed (finished)
