2024-07-11 23:24:26 [scrapy.addons] INFO: Enabled addons:
[]
2024-07-11 23:24:27 [py.warnings] WARNING: /Users/thaiminhhuy/.pyenv/versions/3.10.4/lib/python3.10/site-packages/scrapy/extensions/feedexport.py:406: ScrapyDeprecationWarning: The `FEED_URI` and `FEED_FORMAT` settings have been deprecated in favor of the `FEEDS` setting. Please see the `FEEDS` setting docs for more details
  exporter = cls(crawler)

2024-07-11 23:24:27 [scrapy.middleware] INFO: Enabled extensions:
['scrapy.extensions.corestats.CoreStats',
 'scrapy.extensions.memusage.MemoryUsage',
 'scrapy.extensions.feedexport.FeedExporter']
2024-07-11 23:24:27 [scrapy.crawler] INFO: Overridden settings:
{'BOT_NAME': 'crawler_app',
 'DOWNLOAD_DELAY': 4,
 'DUPEFILTER_CLASS': 'scrapy_redis.dupefilter.RFPDupeFilter',
 'FEED_EXPORT_ENCODING': 'utf-8',
 'LOG_FILE': 'logs/quotes/2024-07-11T232425.673958.log',
 'NEWSPIDER_MODULE': 'crawler_app.spiders',
 'REQUEST_FINGERPRINTER_IMPLEMENTATION': '2.7',
 'RETRY_HTTP_CODES': [429, 503],
 'RETRY_TIMES': 5,
 'ROBOTSTXT_OBEY': True,
 'SCHEDULER': 'scrapy_redis.scheduler.Scheduler',
 'SPIDER_MODULES': ['crawler_app.spiders'],
 'TWISTED_REACTOR': 'twisted.internet.asyncioreactor.AsyncioSelectorReactor',
 'USER_AGENT': 'Mozilla/5.0 (Windows NT 10.0; Win64; x64) AppleWebKit/537.36 '
               '(KHTML, like Gecko) Chrome/91.0.4472.124 Safari/537.36'}
2024-07-11 23:24:27 [scrapy.middleware] INFO: Enabled downloader middlewares:
['scrapy.downloadermiddlewares.offsite.OffsiteMiddleware',
 'scrapy.downloadermiddlewares.robotstxt.RobotsTxtMiddleware',
 'scrapy.downloadermiddlewares.httpauth.HttpAuthMiddleware',
 'scrapy.downloadermiddlewares.downloadtimeout.DownloadTimeoutMiddleware',
 'scrapy.downloadermiddlewares.defaultheaders.DefaultHeadersMiddleware',
 'scrapy.downloadermiddlewares.useragent.UserAgentMiddleware',
 'scrapy.downloadermiddlewares.retry.RetryMiddleware',
 'scrapy.downloadermiddlewares.redirect.MetaRefreshMiddleware',
 'scrapy.downloadermiddlewares.httpcompression.HttpCompressionMiddleware',
 'scrapy.downloadermiddlewares.redirect.RedirectMiddleware',
 'scrapy.downloadermiddlewares.cookies.CookiesMiddleware',
 'scrapy.downloadermiddlewares.httpproxy.HttpProxyMiddleware',
 'scrapy.downloadermiddlewares.stats.DownloaderStats']
2024-07-11 23:24:27 [scrapy.middleware] INFO: Enabled spider middlewares:
['scrapy.spidermiddlewares.httperror.HttpErrorMiddleware',
 'scrapy.spidermiddlewares.referer.RefererMiddleware',
 'scrapy.spidermiddlewares.urllength.UrlLengthMiddleware',
 'scrapy.spidermiddlewares.depth.DepthMiddleware']
2024-07-11 23:24:27 [scrapy.middleware] INFO: Enabled item pipelines:
[]
2024-07-11 23:24:27 [scrapy.core.engine] INFO: Spider opened
2024-07-11 23:24:28 [scrapy.core.engine] DEBUG: Crawled (404) <GET http://quotes.toscrape.com/robots.txt> (referer: None)
2024-07-11 23:24:28 [scrapy] DEBUG: Crawled (404) <GET http://quotes.toscrape.com/robots.txt> (referer: None)
2024-07-11 23:24:30 [scrapy.core.engine] DEBUG: Crawled (200) <GET http://quotes.toscrape.com/> (referer: None)
2024-07-11 23:24:30 [scrapy] DEBUG: Crawled (200) <GET http://quotes.toscrape.com/> (referer: None)
2024-07-11 23:24:30 [quotes] DEBUG: Saved file quotes-quotes.toscrape.com.html
2024-07-11 23:24:30 [quotes] DEBUG: Saved file quotes-quotes.toscrape.com.html
2024-07-11 23:24:30 [scrapy.core.engine] INFO: Closing spider (finished)
2024-07-11 23:24:30 [scrapy] INFO: Closing spider (finished)
2024-07-11 23:24:30 [scrapy.extensions.feedexport] INFO: Stored json feed (0 items) in: output.json
2024-07-11 23:24:30 [scrapy] INFO: Stored json feed (0 items) in: output.json
2024-07-11 23:24:30 [scrapy.statscollectors] INFO: Dumping Scrapy stats:
{'downloader/request_bytes': 610,
 'downloader/request_count': 2,
 'downloader/request_method_count/GET': 2,
 'downloader/response_bytes': 11504,
 'downloader/response_count': 2,
 'downloader/response_status_count/200': 1,
 'downloader/response_status_count/404': 1,
 'elapsed_time_seconds': 3.270414,
 'feedexport/success_count/FileFeedStorage': 1,
 'finish_reason': 'finished',
 'finish_time': datetime.datetime(2024, 7, 11, 16, 24, 30, 957276, tzinfo=datetime.timezone.utc),
 'log_count/DEBUG': 3,
 'log_count/INFO': 8,
 'log_count/WARNING': 1,
 'memusage/max': 68091904,
 'memusage/startup': 68091904,
 'response_received_count': 2,
 'robotstxt/request_count': 1,
 'robotstxt/response_count': 1,
 'robotstxt/response_status_count/404': 1,
 'scheduler/dequeued/redis': 1,
 'scheduler/enqueued/redis': 1,
 'start_time': datetime.datetime(2024, 7, 11, 16, 24, 27, 686862, tzinfo=datetime.timezone.utc)}
2024-07-11 23:24:30 [scrapy] INFO: Dumping Scrapy stats:
{'downloader/request_bytes': 610,
 'downloader/request_count': 2,
 'downloader/request_method_count/GET': 2,
 'downloader/response_bytes': 11504,
 'downloader/response_count': 2,
 'downloader/response_status_count/200': 1,
 'downloader/response_status_count/404': 1,
 'elapsed_time_seconds': 3.270414,
 'feedexport/success_count/FileFeedStorage': 1,
 'finish_reason': 'finished',
 'finish_time': datetime.datetime(2024, 7, 11, 16, 24, 30, 957276, tzinfo=datetime.timezone.utc),
 'log_count/DEBUG': 3,
 'log_count/INFO': 8,
 'log_count/WARNING': 1,
 'memusage/max': 68091904,
 'memusage/startup': 68091904,
 'response_received_count': 2,
 'robotstxt/request_count': 1,
 'robotstxt/response_count': 1,
 'robotstxt/response_status_count/404': 1,
 'scheduler/dequeued/redis': 1,
 'scheduler/enqueued/redis': 1,
 'start_time': datetime.datetime(2024, 7, 11, 16, 24, 27, 686862, tzinfo=datetime.timezone.utc)}
2024-07-11 23:24:30 [scrapy.core.engine] INFO: Spider closed (finished)
2024-07-11 23:24:30 [scrapy] INFO: Spider closed (finished)
